<?xml version="1.0" encoding="UTF-8"?>
<!-- Generated by org.testng.reporters.JUnitReportReporter -->
<testsuite hostname="BLR-Manas" name="scripts.TestLogin" tests="1" failures="0" timestamp="27 Sep 2019 11:13:38 GMT" time="26.218" errors="0">
  <testcase name="login" time="26.218" classname="scripts.TestLogin"/>
</testsuite> <!-- scripts.TestLogin -->
